-------------------------------------------------------
Echologger Control Program  [Feb  3 2016 18:32:38]
-------------------------------------------------------

#TimeLocal  20211208 13:30:13.30
#TimeUTC    20211208 12:30:13.30

>OK.go start



 START WORK MODE  !!!  

 TVG_Preparation(): ...TVG_Mode: 1 Gain:0.00 dB  Slope: 1.00 [ADCfreq Fixed: 100000.0 Hz]..........OK

$GPDBT,0.000,f,0.000,M,,*6E
$GPDPT,0.0,0.0,100*4A
$GPZDA,123018.66,08,12,2021,01,60*62
$GPMTW,13.30,C*35
$GPEMA,0.50,%*60
$GPDBT,0.000,f,0.000,M,,*6E
$GPDPT,0.0,0.0,100*4A
$GPZDA,123018.66,08,12,2021,01,60*62
$GPMTW,13.40,C*32
$GPEMA,0.50,%*60
$GPDBT,0.000,f,0.000,M,,*6E
$GPDPT,0.0,0.0,100*4A
$GPZDA,123018.66,08,12,2021,01,60*62
$GPMTW,13.40,C*32
$GPEMA,0.50,%*60
$GPDBT,0.000,f,0.000,M,,*6E
$GPDPT,0.0,0.0,100*4A
$GPZDA,123020.17,08,12,2021,01,60*6F
$GPMTW,13.40,C*32
$GPEMA,0.50,%*60
$GPDBT,0.000,f,0.000,M,,*6E
$GPDPT,0.0,0.0,100*4A
$GPZDA,123020.17,08,12,2021,01,60*6F
$GPMTW,13.40,C*32
$GPEMA,0.50,%*60
$GPDBT,0.000,f,0.000,M,,*6E
$GPDPT,0.0,0.0,100*4A
$GPZDA,123020.17,08,12,2021,01,60*6F
$GPMTW,13.40,C*32
$GPEMA,0.50,%*60
$GPDBT,0.000,f,0.000,M,,*6E
$GPDPT,0.0,0.0,100*4A
$GPZDA,123020.50,08,12,2021,01,60*6C
$GPMTW,13.40,C*32
$GPEMA,0.50,%*60
$GPDBT,0.000,f,0.000,M,,*6E
$GPDPT,0.0,0.0,100*4A
$GPZDA,123022.18,08,12,2021,01,60*62
$GPMTW,13.40,C*32
$GPEMA,0.50,%*60
$GPDBT,0.000,f,0.000,M,,*6E
$GPDPT,0.0,0.0,100*4A
$GPZDA,123022.18,08,12,2021,01,60*62
$GPMTW,13.40,C*32
$GPEMA,0.50,%*60
$GPDBT,0.000,f,0.000,M,,*6E
$GPDPT,0.0,0.0,100*4A
$GPZDA,123022.18,08,12,2021,01,60*62
$GPMTW,13.40,C*32
$GPEMA,0.50,%*60
$GPDBT,0.000,f,0.000,M,,*6E
$GPDPT,0.0,0.0,100*4A
$GPZDA,123022.50,08,12,2021,01,60*6E
$GPMTW,13.40,C*32
$GPEMA,0.50,%*60
$GPDBT,0.000,f,0.000,M,,*6E
$GPDPT,0.0,0.0,100*4A
$GPZDA,123022.99,08,12,2021,01,60*6B
$GPMTW,13.40,C*32
$GPEMA,0.50,%*60
$GPDBT,0.000,f,0.000,M,,*6E
$GPDPT,0.0,0.0,100*4A
$GPZDA,123024.66,08,12,2021,01,60*6D
$GPMTW,13.40,C*32
$GPEMA,0.50,%*60
$GPDBT,0.000,f,0.000,M,,*6E
$GPDPT,0.0,0.0,100*4A
$GPZDA,123024.66,08,12,2021,01,60*6D
$GPMTW,13.40,C*32
$GPEMA,0.50,%*60
$GPDBT,0.000,f,0.000,M,,*6E
$GPDPT,0.0,0.0,100*4A
$GPZDA,123024.66,08,12,2021,01,60*6D
$GPMTW,13.40,C*32
$GPEMA,0.50,%*60
$GPDBT,0.000,f,0.000,M,,*6E
$GPDPT,0.0,0.0,100*4A
$GPZDA,123026.15,08,12,2021,01,60*6B
$GPMTW,13.49,C*3B
$GPEMA,0.50,%*60
$GPDBT,0.000,f,0.000,M,,*6E
$GPDPT,0.0,0.0,100*4A
$GPZDA,123026.15,08,12,2021,01,60*6B
$GPMTW,13.49,C*3B
$GPEMA,0.50,%*60
$GPDBT,0.000,f,0.000,M,,*6E
$GPDPT,0.0,0.0,100*4A
$GPZDA,123026.16,08,12,2021,01,60*68
$GPMTW,13.49,C*3B
$GPEMA,0.50,%*60
$GPDBT,0.000,f,0.000,M,,*6E
$GPDPT,0.0,0.0,100*4A
$GPZDA,123026.50,08,12,2021,01,60*6A
$GPMTW,13.49,C*3B
$GPEMA,0.50,%*60
$GPDBT,0.000,f,0.000,M,,*6E
$GPDPT,0.0,0.0,100*4A
$GPZDA,123028.08,08,12,2021,01,60*69
$GPMTW,13.49,C*3B
$GPEMA,0.50,%*60
$GPDBT,0.000,f,0.000,M,,*6E
$GPDPT,0.0,0.0,100*4A
$GPZDA,123028.08,08,12,2021,01,60*69
$GPMTW,13.40,C*32
$GPEMA,0.50,%*60
$GPDBT,0.000,f,0.000,M,,*6E
$GPDPT,0.0,0.0,100*4A
$GPZDA,123028.08,08,12,2021,01,60*69
$GPMTW,13.49,C*3B
$GPEMA,0.50,%*60
$GPDBT,0.000,f,0.000,M,,*6E
$GPDPT,0.0,0.0,100*4A
$GPZDA,123028.50,08,12,2021,01,60*64
$GPMTW,13.49,C*3B
$GPEMA,0.50,%*60
$GPDBT,0.000,f,0.000,M,,*6E
$GPDPT,0.0,0.0,100*4A
$GPZDA,123028.99,08,12,2021,01,60*61
$GPMTW,13.40,C*32
$GPEMA,0.50,%*60
$GPDBT,0.000,f,0.000,M,,*6E
$GPDPT,0.0,0.0,100*4A
$GPZDA,123030.66,08,12,2021,01,60*68
$GPMTW,13.40,C*32
$GPEMA,0.50,%*60
$GPDBT,0.000,f,0.000,M,,*6E
$GPDPT,0.0,0.0,100*4A
$GPZDA,123030.67,08,12,2021,01,60*69
$GPMTW,13.49,C*3B
$GPEMA,0.50,%*60
$GPDBT,0.000,f,0.000,M,,*6E
$GPDPT,0.0,0.0,100*4A
$GPZDA,123030.67,08,12,2021,01,60*69
$GPMTW,13.49,C*3B
$GPEMA,0.50,%*60
$GPDBT,0.000,f,0.000,M,,*6E
$GPDPT,0.0,0.0,100*4A
$GPZDA,123032.16,08,12,2021,01,60*6D
$GPMTW,13.49,C*3B
$GPEMA,0.50,%*60
$GPDBT,0.000,f,0.000,M,,*6E
$GPDPT,0.0,0.0,100*4A
$GPZDA,123032.16,08,12,2021,01,60*6D
$GPMTW,13.49,C*3B
$GPEMA,0.50,%*60
$GPDBT,0.000,f,0.000,M,,*6E
$GPDPT,0.0,0.0,100*4A
$GPZDA,123032.16,08,12,2021,01,60*6D
$GPMTW,13.59,C*3A
$GPEMA,0.50,%*60
$GPDBT,0.000,f,0.000,M,,*6E
$GPDPT,0.0,0.0,100*4A
$GPZDA,123032.50,08,12,2021,01,60*6F
$GPMTW,13.49,C*3B
$GPEMA,0.50,%*60
$GPDBT,0.000,f,0.000,M,,*6E
$GPDPT,0.0,0.0,100*4A
$GPZDA,123034.16,08,12,2021,01,60*6B
$GPMTW,13.49,C*3B
$GPEMA,0.50,%*60
$GPDBT,0.000,f,0.000,M,,*6E
$GPDPT,0.0,0.0,100*4A
$GPZDA,123034.16,08,12,2021,01,60*6B
$GPMTW,13.49,C*3B
$GPEMA,0.50,%*60
$GPDBT,0.000,f,0.000,M,,*6E
$GPDPT,0.0,0.0,100*4A
$GPZDA,123034.16,08,12,2021,01,60*6B
$GPMTW,13.49,C*3B
$GPEMA,0.50,%*60
$GPDBT,0.000,f,0.000,M,,*6E
$GPDPT,0.0,0.0,100*4A
$GPZDA,123034.50,08,12,2021,01,60*69
$GPMTW,13.49,C*3B
$GPEMA,0.50,%*60
$GPDBT,0.000,f,0.000,M,,*6E
$GPDPT,0.0,0.0,100*4A
$GPZDA,123034.99,08,12,2021,01,60*6C
$GPMTW,13.49,C*3B
$GPEMA,0.50,%*60
$GPDBT,0.000,f,0.000,M,,*6E
$GPDPT,0.0,0.0,100*4A
$GPZDA,123036.65,08,12,2021,01,60*6D
$GPMTW,13.49,C*3B
$GPEMA,0.50,%*60
$GPDBT,0.000,f,0.000,M,,*6E
$GPDPT,0.0,0.0,100*4A
$GPZDA,123036.65,08,12,2021,01,60*6D
$GPMTW,13.49,C*3B
$GPEMA,0.50,%*60
$GPDBT,0.000,f,0.000,M,,*6E
$GPDPT,0.0,0.0,100*4A
$GPZDA,123036.66,08,12,2021,01,60*6E
$GPMTW,13.49,C*3B
$GPEMA,0.50,%*60
$GPDBT,0.000,f,0.000,M,,*6E
$GPDPT,0.0,0.0,100*4A
$GPZDA,123036.99,08,12,2021,01,60*6E
$GPMTW,13.49,C*3B
$GPEMA,0.50,%*60
$GPDBT,0.000,f,0.000,M,,*6E
$GPDPT,0.0,0.0,100*4A
$GPZDA,123038.65,08,12,2021,01,60*63
$GPMTW,13.49,C*3B
$GPEMA,0.50,%*60
$GPDBT,0.000,f,0.000,M,,*6E
$GPDPT,0.0,0.0,100*4A
$GPZDA,123038.65,08,12,2021,01,60*63
$GPMTW,13.49,C*3B
$GPEMA,0.50,%*60
$GPDBT,0.000,f,0.000,M,,*6E
$GPDPT,0.0,0.0,100*4A
$GPZDA,123038.65,08,12,2021,01,60*63
$GPMTW,13.49,C*3B
$GPEMA,0.50,%*60
$GPDBT,0.000,f,0.000,M,,*6E
$GPDPT,0.0,0.0,100*4A
$GPZDA,123040.15,08,12,2021,01,60*6B
$GPMTW,13.49,C*3B
$GPEMA,0.50,%*60
$GPDBT,0.000,f,0.000,M,,*6E
$GPDPT,0.0,0.0,100*4A
$GPZDA,123040.15,08,12,2021,01,60*6B
$GPMTW,13.49,C*3B
$GPEMA,0.50,%*60
$GPDBT,0.000,f,0.000,M,,*6E
$GPDPT,0.0,0.0,100*4A
$GPZDA,123040.15,08,12,2021,01,60*6B
$GPMTW,13.59,C*3A
$GPEMA,0.50,%*60
$GPDBT,0.000,f,0.000,M,,*6E
$GPDPT,0.0,0.0,100*4A
$GPZDA,123040.50,08,12,2021,01,60*6A
$GPMTW,13.59,C*3A
$GPEMA,0.50,%*60
$GPDBT,0.000,f,0.000,M,,*6E
$GPDPT,0.0,0.0,100*4A
$GPZDA,123040.99,08,12,2021,01,60*6F
$GPMTW,13.59,C*3A
$GPEMA,0.50,%*60
$GPDBT,0.000,f,0.000,M,,*6E
$GPDPT,0.0,0.0,100*4A
$GPZDA,123042.63,08,12,2021,01,60*68
$GPMTW,13.59,C*3A
$GPEMA,0.50,%*60
$GPDBT,0.000,f,0.000,M,,*6E
$GPDPT,0.0,0.0,100*4A
$GPZDA,123042.63,08,12,2021,01,60*68
$GPMTW,13.59,C*3A
$GPEMA,0.50,%*60
$GPDBT,0.000,f,0.000,M,,*6E
$GPDPT,0.0,0.0,100*4A
$GPZDA,123042.63,08,12,2021,01,60*68
$GPMTW,13.59,C*3A
$GPEMA,0.50,%*60
